<?xml version="1.0" encoding="UTF-8"?>
<testng-results ignored="0" total="1" passed="1" failed="0" skipped="0">
  <reporter-output>
  </reporter-output>
  <suite started-at="2025-06-05T09:46:19Z" name="Suite" finished-at="2025-06-05T09:46:27Z" duration-ms="8436">
    <groups>
    </groups>
    <test started-at="2025-06-05T09:46:19Z" name="Test" finished-at="2025-06-05T09:46:27Z" duration-ms="8436">
      <class name="com.practice.tests.LoginTest">
        <test-method signature="loginTest()[pri:0, instance:com.practice.tests.LoginTest@be68757]" started-at="2025-06-05T09:46:19Z" name="loginTest" finished-at="2025-06-05T09:46:25Z" duration-ms="6207" status="PASS">
          <reporter-output>
          </reporter-output>
        </test-method> <!-- loginTest -->
        <test-method is-config="true" signature="takeScreenshot(org.testng.ITestResult)[pri:0, instance:com.practice.tests.LoginTest@be68757]" started-at="2025-06-05T09:46:25Z" name="takeScreenshot" finished-at="2025-06-05T09:46:27Z" duration-ms="2013" status="PASS">
          <params>
            <param index="0">
              <value>
                <![CDATA[[TestResult name=loginTest status=SUCCESS method=LoginTest.loginTest()[pri:0, instance:com.practice.tests.LoginTest@be68757] output={null}]]]>
              </value>
            </param>
          </params>
          <reporter-output>
          </reporter-output>
        </test-method> <!-- takeScreenshot -->
        <test-method is-config="true" signature="closeLoginPage()[pri:0, instance:com.practice.tests.LoginTest@be68757]" started-at="2025-06-05T09:46:27Z" name="closeLoginPage" finished-at="2025-06-05T09:46:27Z" duration-ms="192" status="PASS">
          <reporter-output>
          </reporter-output>
        </test-method> <!-- closeLoginPage -->
      </class> <!-- com.practice.tests.LoginTest -->
    </test> <!-- Test -->
  </suite> <!-- Suite -->
</testng-results>
